Started GET "/" for ::1 at 2019-07-09 13:05:34 -0400
  
ActiveRecord::PendingMigrationError (

Migrations are pending. To resolve this issue, run:

        bin/rails db:migrate RAILS_ENV=development

):
  
activerecord (5.2.3) lib/active_record/migration.rb:579:in `check_pending!'
activerecord (5.2.3) lib/active_record/migration.rb:556:in `call'
actionpack (5.2.3) lib/action_dispatch/middleware/callbacks.rb:28:in `block in call'
activesupport (5.2.3) lib/active_support/callbacks.rb:98:in `run_callbacks'
actionpack (5.2.3) lib/action_dispatch/middleware/callbacks.rb:26:in `call'
actionpack (5.2.3) lib/action_dispatch/middleware/executor.rb:14:in `call'
actionpack (5.2.3) lib/action_dispatch/middleware/debug_exceptions.rb:61:in `call'
web-console (3.7.0) lib/web_console/middleware.rb:135:in `call_app'
web-console (3.7.0) lib/web_console/middleware.rb:30:in `block in call'
web-console (3.7.0) lib/web_console/middleware.rb:20:in `catch'
web-console (3.7.0) lib/web_console/middleware.rb:20:in `call'
actionpack (5.2.3) lib/action_dispatch/middleware/show_exceptions.rb:33:in `call'
railties (5.2.3) lib/rails/rack/logger.rb:38:in `call_app'
railties (5.2.3) lib/rails/rack/logger.rb:26:in `block in call'
activesupport (5.2.3) lib/active_support/tagged_logging.rb:71:in `block in tagged'
activesupport (5.2.3) lib/active_support/tagged_logging.rb:28:in `tagged'
activesupport (5.2.3) lib/active_support/tagged_logging.rb:71:in `tagged'
railties (5.2.3) lib/rails/rack/logger.rb:26:in `call'
sprockets-rails (3.2.1) lib/sprockets/rails/quiet_assets.rb:13:in `call'
actionpack (5.2.3) lib/action_dispatch/middleware/remote_ip.rb:81:in `call'
actionpack (5.2.3) lib/action_dispatch/middleware/request_id.rb:27:in `call'
rack (2.0.7) lib/rack/method_override.rb:22:in `call'
rack (2.0.7) lib/rack/runtime.rb:22:in `call'
activesupport (5.2.3) lib/active_support/cache/strategy/local_cache_middleware.rb:29:in `call'
actionpack (5.2.3) lib/action_dispatch/middleware/executor.rb:14:in `call'
actionpack (5.2.3) lib/action_dispatch/middleware/static.rb:127:in `call'
rack (2.0.7) lib/rack/sendfile.rb:111:in `call'
railties (5.2.3) lib/rails/engine.rb:524:in `call'
puma (3.12.1) lib/puma/configuration.rb:227:in `call'
puma (3.12.1) lib/puma/server.rb:660:in `handle_request'
puma (3.12.1) lib/puma/server.rb:474:in `process_client'
puma (3.12.1) lib/puma/server.rb:334:in `block in run'
puma (3.12.1) lib/puma/thread_pool.rb:135:in `block in spawn_thread'
  [1m[35m (0.0ms)[0m  [1m[34mSELECT sqlite_version(*)[0m
  ↳ /home/kyle/.rvm/rubies/ruby-2.6.1/lib/ruby/gems/2.6.0/gems/rake-12.3.2/lib/rake/task.rb:273
  [1m[35m (7.2ms)[0m  [1m[35mCREATE TABLE "schema_migrations" ("version" varchar NOT NULL PRIMARY KEY)[0m
  ↳ /home/kyle/.rvm/rubies/ruby-2.6.1/lib/ruby/gems/2.6.0/gems/rake-12.3.2/lib/rake/task.rb:273
  [1m[35m (3.8ms)[0m  [1m[35mCREATE TABLE "ar_internal_metadata" ("key" varchar NOT NULL PRIMARY KEY, "value" varchar, "created_at" datetime NOT NULL, "updated_at" datetime NOT NULL)[0m
  ↳ /home/kyle/.rvm/rubies/ruby-2.6.1/lib/ruby/gems/2.6.0/gems/rake-12.3.2/lib/rake/task.rb:273
  [1m[35m (0.1ms)[0m  [1m[34mSELECT "schema_migrations"."version" FROM "schema_migrations" ORDER BY "schema_migrations"."version" ASC[0m
  ↳ /home/kyle/.rvm/rubies/ruby-2.6.1/lib/ruby/gems/2.6.0/gems/rake-12.3.2/lib/rake/task.rb:273
Migrating to CreateUsers (20190604111822)
  [1m[35m (0.0ms)[0m  [1m[36mbegin transaction[0m
  ↳ /home/kyle/.rvm/rubies/ruby-2.6.1/lib/ruby/gems/2.6.0/gems/rake-12.3.2/lib/rake/task.rb:273
  [1m[35m (0.2ms)[0m  [1m[35mCREATE TABLE "users" ("id" integer PRIMARY KEY AUTOINCREMENT NOT NULL, "email" varchar, "name" varchar, "password_digest" varchar, "created_at" datetime NOT NULL, "updated_at" datetime NOT NULL)[0m
  ↳ db/migrate/20190604111822_create_users.rb:3
  [1m[36mActiveRecord::SchemaMigration Create (0.1ms)[0m  [1m[32mINSERT INTO "schema_migrations" ("version") VALUES (?)[0m  [["version", "20190604111822"]]
  ↳ /home/kyle/.rvm/rubies/ruby-2.6.1/lib/ruby/gems/2.6.0/gems/rake-12.3.2/lib/rake/task.rb:273
  [1m[35m (4.4ms)[0m  [1m[36mcommit transaction[0m
  ↳ /home/kyle/.rvm/rubies/ruby-2.6.1/lib/ruby/gems/2.6.0/gems/rake-12.3.2/lib/rake/task.rb:273
Migrating to CreatePantries (20190604205032)
  [1m[35m (0.0ms)[0m  [1m[36mbegin transaction[0m
  ↳ /home/kyle/.rvm/rubies/ruby-2.6.1/lib/ruby/gems/2.6.0/gems/rake-12.3.2/lib/rake/task.rb:273
  [1m[35m (0.1ms)[0m  [1m[35mCREATE TABLE "pantries" ("id" integer PRIMARY KEY AUTOINCREMENT NOT NULL, "location" varchar, "user_id" integer, "created_at" datetime NOT NULL, "updated_at" datetime NOT NULL)[0m
  ↳ db/migrate/20190604205032_create_pantries.rb:3
  [1m[36mActiveRecord::SchemaMigration Create (0.1ms)[0m  [1m[32mINSERT INTO "schema_migrations" ("version") VALUES (?)[0m  [["version", "20190604205032"]]
  ↳ /home/kyle/.rvm/rubies/ruby-2.6.1/lib/ruby/gems/2.6.0/gems/rake-12.3.2/lib/rake/task.rb:273
  [1m[35m (3.9ms)[0m  [1m[36mcommit transaction[0m
  ↳ /home/kyle/.rvm/rubies/ruby-2.6.1/lib/ruby/gems/2.6.0/gems/rake-12.3.2/lib/rake/task.rb:273
Migrating to CreateAvailableIngredients (20190604210448)
  [1m[35m (0.0ms)[0m  [1m[36mbegin transaction[0m
  ↳ /home/kyle/.rvm/rubies/ruby-2.6.1/lib/ruby/gems/2.6.0/gems/rake-12.3.2/lib/rake/task.rb:273
  [1m[35m (0.2ms)[0m  [1m[35mCREATE TABLE "available_ingredients" ("id" integer PRIMARY KEY AUTOINCREMENT NOT NULL, "pantry_id" integer, "ingredient_id" integer, "unit" varchar, "quantity" integer)[0m
  ↳ db/migrate/20190604210448_create_available_ingredients.rb:3
  [1m[36mActiveRecord::SchemaMigration Create (0.1ms)[0m  [1m[32mINSERT INTO "schema_migrations" ("version") VALUES (?)[0m  [["version", "20190604210448"]]
  ↳ /home/kyle/.rvm/rubies/ruby-2.6.1/lib/ruby/gems/2.6.0/gems/rake-12.3.2/lib/rake/task.rb:273
  [1m[35m (3.9ms)[0m  [1m[36mcommit transaction[0m
  ↳ /home/kyle/.rvm/rubies/ruby-2.6.1/lib/ruby/gems/2.6.0/gems/rake-12.3.2/lib/rake/task.rb:273
Migrating to CreateIngredients (20190604210636)
  [1m[35m (0.0ms)[0m  [1m[36mbegin transaction[0m
  ↳ /home/kyle/.rvm/rubies/ruby-2.6.1/lib/ruby/gems/2.6.0/gems/rake-12.3.2/lib/rake/task.rb:273
  [1m[35m (0.1ms)[0m  [1m[35mCREATE TABLE "ingredients" ("id" integer PRIMARY KEY AUTOINCREMENT NOT NULL, "name" varchar, "wet" boolean, "created_at" datetime NOT NULL, "updated_at" datetime NOT NULL)[0m
  ↳ db/migrate/20190604210636_create_ingredients.rb:3
  [1m[36mActiveRecord::SchemaMigration Create (0.1ms)[0m  [1m[32mINSERT INTO "schema_migrations" ("version") VALUES (?)[0m  [["version", "20190604210636"]]
  ↳ /home/kyle/.rvm/rubies/ruby-2.6.1/lib/ruby/gems/2.6.0/gems/rake-12.3.2/lib/rake/task.rb:273
  [1m[35m (3.8ms)[0m  [1m[36mcommit transaction[0m
  ↳ /home/kyle/.rvm/rubies/ruby-2.6.1/lib/ruby/gems/2.6.0/gems/rake-12.3.2/lib/rake/task.rb:273
Migrating to CreateRequiredIngredients (20190604210728)
  [1m[35m (0.0ms)[0m  [1m[36mbegin transaction[0m
  ↳ /home/kyle/.rvm/rubies/ruby-2.6.1/lib/ruby/gems/2.6.0/gems/rake-12.3.2/lib/rake/task.rb:273
  [1m[35m (0.1ms)[0m  [1m[35mCREATE TABLE "required_ingredients" ("id" integer PRIMARY KEY AUTOINCREMENT NOT NULL, "ingredient_id" integer, "recipe_id" integer, "quantity" integer, "unit" varchar)[0m
  ↳ db/migrate/20190604210728_create_required_ingredients.rb:3
  [1m[36mActiveRecord::SchemaMigration Create (0.1ms)[0m  [1m[32mINSERT INTO "schema_migrations" ("version") VALUES (?)[0m  [["version", "20190604210728"]]
  ↳ /home/kyle/.rvm/rubies/ruby-2.6.1/lib/ruby/gems/2.6.0/gems/rake-12.3.2/lib/rake/task.rb:273
  [1m[35m (4.5ms)[0m  [1m[36mcommit transaction[0m
  ↳ /home/kyle/.rvm/rubies/ruby-2.6.1/lib/ruby/gems/2.6.0/gems/rake-12.3.2/lib/rake/task.rb:273
Migrating to CreateRecipes (20190604210808)
  [1m[35m (0.1ms)[0m  [1m[36mbegin transaction[0m
  ↳ /home/kyle/.rvm/rubies/ruby-2.6.1/lib/ruby/gems/2.6.0/gems/rake-12.3.2/lib/rake/task.rb:273
  [1m[35m (0.7ms)[0m  [1m[35mCREATE TABLE "recipes" ("id" integer PRIMARY KEY AUTOINCREMENT NOT NULL, "instructions" varchar, "created_at" datetime NOT NULL, "updated_at" datetime NOT NULL)[0m
  ↳ db/migrate/20190604210808_create_recipes.rb:3
  [1m[36mActiveRecord::SchemaMigration Create (0.3ms)[0m  [1m[32mINSERT INTO "schema_migrations" ("version") VALUES (?)[0m  [["version", "20190604210808"]]
  ↳ /home/kyle/.rvm/rubies/ruby-2.6.1/lib/ruby/gems/2.6.0/gems/rake-12.3.2/lib/rake/task.rb:273
  [1m[35m (4.8ms)[0m  [1m[36mcommit transaction[0m
  ↳ /home/kyle/.rvm/rubies/ruby-2.6.1/lib/ruby/gems/2.6.0/gems/rake-12.3.2/lib/rake/task.rb:273
Migrating to AddNameToRecipes (20190606210911)
  [1m[35m (0.1ms)[0m  [1m[36mbegin transaction[0m
  ↳ /home/kyle/.rvm/rubies/ruby-2.6.1/lib/ruby/gems/2.6.0/gems/rake-12.3.2/lib/rake/task.rb:273
  [1m[35m (0.9ms)[0m  [1m[35mALTER TABLE "recipes" ADD "name" varchar[0m
  ↳ db/migrate/20190606210911_add_name_to_recipes.rb:3
  [1m[36mActiveRecord::SchemaMigration Create (0.3ms)[0m  [1m[32mINSERT INTO "schema_migrations" ("version") VALUES (?)[0m  [["version", "20190606210911"]]
  ↳ /home/kyle/.rvm/rubies/ruby-2.6.1/lib/ruby/gems/2.6.0/gems/rake-12.3.2/lib/rake/task.rb:273
  [1m[35m (3.9ms)[0m  [1m[36mcommit transaction[0m
  ↳ /home/kyle/.rvm/rubies/ruby-2.6.1/lib/ruby/gems/2.6.0/gems/rake-12.3.2/lib/rake/task.rb:273
  [1m[36mActiveRecord::InternalMetadata Load (0.4ms)[0m  [1m[34mSELECT  "ar_internal_metadata".* FROM "ar_internal_metadata" WHERE "ar_internal_metadata"."key" = ? LIMIT ?[0m  [["key", "environment"], ["LIMIT", 1]]
  ↳ /home/kyle/.rvm/rubies/ruby-2.6.1/lib/ruby/gems/2.6.0/gems/rake-12.3.2/lib/rake/task.rb:273
  [1m[35m (0.1ms)[0m  [1m[36mbegin transaction[0m
  ↳ /home/kyle/.rvm/rubies/ruby-2.6.1/lib/ruby/gems/2.6.0/gems/rake-12.3.2/lib/rake/task.rb:273
  [1m[36mActiveRecord::InternalMetadata Create (0.4ms)[0m  [1m[32mINSERT INTO "ar_internal_metadata" ("key", "value", "created_at", "updated_at") VALUES (?, ?, ?, ?)[0m  [["key", "environment"], ["value", "development"], ["created_at", "2019-07-09 17:06:26.277227"], ["updated_at", "2019-07-09 17:06:26.277227"]]
  ↳ /home/kyle/.rvm/rubies/ruby-2.6.1/lib/ruby/gems/2.6.0/gems/rake-12.3.2/lib/rake/task.rb:273
  [1m[35m (2.9ms)[0m  [1m[36mcommit transaction[0m
  ↳ /home/kyle/.rvm/rubies/ruby-2.6.1/lib/ruby/gems/2.6.0/gems/rake-12.3.2/lib/rake/task.rb:273
  [1m[35m (0.1ms)[0m  [1m[34mSELECT "schema_migrations"."version" FROM "schema_migrations" ORDER BY "schema_migrations"."version" ASC[0m
  ↳ /home/kyle/.rvm/rubies/ruby-2.6.1/lib/ruby/gems/2.6.0/gems/rake-12.3.2/lib/rake/task.rb:273
  [1m[35m (0.0ms)[0m  [1m[34mSELECT sqlite_version(*)[0m
  ↳ /home/kyle/.rvm/rubies/ruby-2.6.1/lib/ruby/gems/2.6.0/gems/rake-12.3.2/lib/rake/task.rb:273
  [1m[35m (4.2ms)[0m  [1m[35mCREATE TABLE "schema_migrations" ("version" varchar NOT NULL PRIMARY KEY)[0m
  ↳ /home/kyle/.rvm/rubies/ruby-2.6.1/lib/ruby/gems/2.6.0/gems/rake-12.3.2/lib/rake/task.rb:273
  [1m[35m (3.6ms)[0m  [1m[35mCREATE TABLE "ar_internal_metadata" ("key" varchar NOT NULL PRIMARY KEY, "value" varchar, "created_at" datetime NOT NULL, "updated_at" datetime NOT NULL)[0m
  ↳ /home/kyle/.rvm/rubies/ruby-2.6.1/lib/ruby/gems/2.6.0/gems/rake-12.3.2/lib/rake/task.rb:273
  [1m[35m (0.1ms)[0m  [1m[34mSELECT "schema_migrations"."version" FROM "schema_migrations" ORDER BY "schema_migrations"."version" ASC[0m
  ↳ /home/kyle/.rvm/rubies/ruby-2.6.1/lib/ruby/gems/2.6.0/gems/rake-12.3.2/lib/rake/task.rb:273
Migrating to CreateUsers (20190604111822)
  [1m[35m (0.0ms)[0m  [1m[36mbegin transaction[0m
  ↳ /home/kyle/.rvm/rubies/ruby-2.6.1/lib/ruby/gems/2.6.0/gems/rake-12.3.2/lib/rake/task.rb:273
  [1m[35m (0.2ms)[0m  [1m[35mCREATE TABLE "users" ("id" integer PRIMARY KEY AUTOINCREMENT NOT NULL, "email" varchar, "name" varchar, "password_digest" varchar, "created_at" datetime NOT NULL, "updated_at" datetime NOT NULL)[0m
  ↳ db/migrate/20190604111822_create_users.rb:3
  [1m[36mActiveRecord::SchemaMigration Create (0.1ms)[0m  [1m[32mINSERT INTO "schema_migrations" ("version") VALUES (?)[0m  [["version", "20190604111822"]]
  ↳ /home/kyle/.rvm/rubies/ruby-2.6.1/lib/ruby/gems/2.6.0/gems/rake-12.3.2/lib/rake/task.rb:273
  [1m[35m (3.3ms)[0m  [1m[36mcommit transaction[0m
  ↳ /home/kyle/.rvm/rubies/ruby-2.6.1/lib/ruby/gems/2.6.0/gems/rake-12.3.2/lib/rake/task.rb:273
Migrating to CreatePantries (20190604205032)
  [1m[35m (0.0ms)[0m  [1m[36mbegin transaction[0m
  ↳ /home/kyle/.rvm/rubies/ruby-2.6.1/lib/ruby/gems/2.6.0/gems/rake-12.3.2/lib/rake/task.rb:273
  [1m[35m (0.2ms)[0m  [1m[35mCREATE TABLE "pantries" ("id" integer PRIMARY KEY AUTOINCREMENT NOT NULL, "location" varchar, "user_id" integer, "created_at" datetime NOT NULL, "updated_at" datetime NOT NULL)[0m
  ↳ db/migrate/20190604205032_create_pantries.rb:3
  [1m[36mActiveRecord::SchemaMigration Create (0.1ms)[0m  [1m[32mINSERT INTO "schema_migrations" ("version") VALUES (?)[0m  [["version", "20190604205032"]]
  ↳ /home/kyle/.rvm/rubies/ruby-2.6.1/lib/ruby/gems/2.6.0/gems/rake-12.3.2/lib/rake/task.rb:273
  [1m[35m (3.3ms)[0m  [1m[36mcommit transaction[0m
  ↳ /home/kyle/.rvm/rubies/ruby-2.6.1/lib/ruby/gems/2.6.0/gems/rake-12.3.2/lib/rake/task.rb:273
Migrating to CreateAvailableIngredients (20190604210448)
  [1m[35m (0.0ms)[0m  [1m[36mbegin transaction[0m
  ↳ /home/kyle/.rvm/rubies/ruby-2.6.1/lib/ruby/gems/2.6.0/gems/rake-12.3.2/lib/rake/task.rb:273
  [1m[35m (0.1ms)[0m  [1m[35mCREATE TABLE "available_ingredients" ("id" integer PRIMARY KEY AUTOINCREMENT NOT NULL, "pantry_id" integer, "ingredient_id" integer, "unit" varchar, "quantity" integer)[0m
  ↳ db/migrate/20190604210448_create_available_ingredients.rb:3
  [1m[36mActiveRecord::SchemaMigration Create (0.1ms)[0m  [1m[32mINSERT INTO "schema_migrations" ("version") VALUES (?)[0m  [["version", "20190604210448"]]
  ↳ /home/kyle/.rvm/rubies/ruby-2.6.1/lib/ruby/gems/2.6.0/gems/rake-12.3.2/lib/rake/task.rb:273
  [1m[35m (3.1ms)[0m  [1m[36mcommit transaction[0m
  ↳ /home/kyle/.rvm/rubies/ruby-2.6.1/lib/ruby/gems/2.6.0/gems/rake-12.3.2/lib/rake/task.rb:273
Migrating to CreateIngredients (20190604210636)
  [1m[35m (0.0ms)[0m  [1m[36mbegin transaction[0m
  ↳ /home/kyle/.rvm/rubies/ruby-2.6.1/lib/ruby/gems/2.6.0/gems/rake-12.3.2/lib/rake/task.rb:273
  [1m[35m (0.1ms)[0m  [1m[35mCREATE TABLE "ingredients" ("id" integer PRIMARY KEY AUTOINCREMENT NOT NULL, "name" varchar, "wet" boolean, "created_at" datetime NOT NULL, "updated_at" datetime NOT NULL)[0m
  ↳ db/migrate/20190604210636_create_ingredients.rb:3
  [1m[36mActiveRecord::SchemaMigration Create (0.1ms)[0m  [1m[32mINSERT INTO "schema_migrations" ("version") VALUES (?)[0m  [["version", "20190604210636"]]
  ↳ /home/kyle/.rvm/rubies/ruby-2.6.1/lib/ruby/gems/2.6.0/gems/rake-12.3.2/lib/rake/task.rb:273
  [1m[35m (3.3ms)[0m  [1m[36mcommit transaction[0m
  ↳ /home/kyle/.rvm/rubies/ruby-2.6.1/lib/ruby/gems/2.6.0/gems/rake-12.3.2/lib/rake/task.rb:273
Migrating to CreateRequiredIngredients (20190604210728)
  [1m[35m (0.0ms)[0m  [1m[36mbegin transaction[0m
  ↳ /home/kyle/.rvm/rubies/ruby-2.6.1/lib/ruby/gems/2.6.0/gems/rake-12.3.2/lib/rake/task.rb:273
  [1m[35m (0.1ms)[0m  [1m[35mCREATE TABLE "required_ingredients" ("id" integer PRIMARY KEY AUTOINCREMENT NOT NULL, "ingredient_id" integer, "recipe_id" integer, "quantity" integer, "unit" varchar)[0m
  ↳ db/migrate/20190604210728_create_required_ingredients.rb:3
  [1m[36mActiveRecord::SchemaMigration Create (0.1ms)[0m  [1m[32mINSERT INTO "schema_migrations" ("version") VALUES (?)[0m  [["version", "20190604210728"]]
  ↳ /home/kyle/.rvm/rubies/ruby-2.6.1/lib/ruby/gems/2.6.0/gems/rake-12.3.2/lib/rake/task.rb:273
  [1m[35m (3.4ms)[0m  [1m[36mcommit transaction[0m
  ↳ /home/kyle/.rvm/rubies/ruby-2.6.1/lib/ruby/gems/2.6.0/gems/rake-12.3.2/lib/rake/task.rb:273
Migrating to CreateRecipes (20190604210808)
  [1m[35m (0.0ms)[0m  [1m[36mbegin transaction[0m
  ↳ /home/kyle/.rvm/rubies/ruby-2.6.1/lib/ruby/gems/2.6.0/gems/rake-12.3.2/lib/rake/task.rb:273
  [1m[35m (0.1ms)[0m  [1m[35mCREATE TABLE "recipes" ("id" integer PRIMARY KEY AUTOINCREMENT NOT NULL, "instructions" varchar, "created_at" datetime NOT NULL, "updated_at" datetime NOT NULL)[0m
  ↳ db/migrate/20190604210808_create_recipes.rb:3
  [1m[36mActiveRecord::SchemaMigration Create (0.1ms)[0m  [1m[32mINSERT INTO "schema_migrations" ("version") VALUES (?)[0m  [["version", "20190604210808"]]
  ↳ /home/kyle/.rvm/rubies/ruby-2.6.1/lib/ruby/gems/2.6.0/gems/rake-12.3.2/lib/rake/task.rb:273
  [1m[35m (3.5ms)[0m  [1m[36mcommit transaction[0m
  ↳ /home/kyle/.rvm/rubies/ruby-2.6.1/lib/ruby/gems/2.6.0/gems/rake-12.3.2/lib/rake/task.rb:273
Migrating to AddNameToRecipes (20190606210911)
  [1m[35m (0.0ms)[0m  [1m[36mbegin transaction[0m
  ↳ /home/kyle/.rvm/rubies/ruby-2.6.1/lib/ruby/gems/2.6.0/gems/rake-12.3.2/lib/rake/task.rb:273
  [1m[35m (0.2ms)[0m  [1m[35mALTER TABLE "recipes" ADD "name" varchar[0m
  ↳ db/migrate/20190606210911_add_name_to_recipes.rb:3
  [1m[36mActiveRecord::SchemaMigration Create (0.1ms)[0m  [1m[32mINSERT INTO "schema_migrations" ("version") VALUES (?)[0m  [["version", "20190606210911"]]
  ↳ /home/kyle/.rvm/rubies/ruby-2.6.1/lib/ruby/gems/2.6.0/gems/rake-12.3.2/lib/rake/task.rb:273
  [1m[35m (2.5ms)[0m  [1m[36mcommit transaction[0m
  ↳ /home/kyle/.rvm/rubies/ruby-2.6.1/lib/ruby/gems/2.6.0/gems/rake-12.3.2/lib/rake/task.rb:273
  [1m[36mActiveRecord::InternalMetadata Load (0.1ms)[0m  [1m[34mSELECT  "ar_internal_metadata".* FROM "ar_internal_metadata" WHERE "ar_internal_metadata"."key" = ? LIMIT ?[0m  [["key", "environment"], ["LIMIT", 1]]
  ↳ /home/kyle/.rvm/rubies/ruby-2.6.1/lib/ruby/gems/2.6.0/gems/rake-12.3.2/lib/rake/task.rb:273
  [1m[35m (0.0ms)[0m  [1m[36mbegin transaction[0m
  ↳ /home/kyle/.rvm/rubies/ruby-2.6.1/lib/ruby/gems/2.6.0/gems/rake-12.3.2/lib/rake/task.rb:273
  [1m[36mActiveRecord::InternalMetadata Create (0.1ms)[0m  [1m[32mINSERT INTO "ar_internal_metadata" ("key", "value", "created_at", "updated_at") VALUES (?, ?, ?, ?)[0m  [["key", "environment"], ["value", "development"], ["created_at", "2019-07-09 17:07:25.651508"], ["updated_at", "2019-07-09 17:07:25.651508"]]
  ↳ /home/kyle/.rvm/rubies/ruby-2.6.1/lib/ruby/gems/2.6.0/gems/rake-12.3.2/lib/rake/task.rb:273
  [1m[35m (2.8ms)[0m  [1m[36mcommit transaction[0m
  ↳ /home/kyle/.rvm/rubies/ruby-2.6.1/lib/ruby/gems/2.6.0/gems/rake-12.3.2/lib/rake/task.rb:273
  [1m[35m (0.1ms)[0m  [1m[34mSELECT "schema_migrations"."version" FROM "schema_migrations" ORDER BY "schema_migrations"."version" ASC[0m
  ↳ /home/kyle/.rvm/rubies/ruby-2.6.1/lib/ruby/gems/2.6.0/gems/rake-12.3.2/lib/rake/task.rb:273
Started GET "/" for ::1 at 2019-07-09 13:07:31 -0400
  [1m[35m (0.1ms)[0m  [1m[34mSELECT "schema_migrations"."version" FROM "schema_migrations" ORDER BY "schema_migrations"."version" ASC[0m
  ↳ /home/kyle/.rvm/gems/ruby-2.6.1/gems/activerecord-5.2.3/lib/active_record/log_subscriber.rb:98
Processing by StaticPagesController#home as HTML
  Rendering static_pages/home.html.erb within layouts/application
  Rendered static_pages/home.html.erb within layouts/application (0.2ms)
Completed 200 OK in 159ms (Views: 156.6ms | ActiveRecord: 0.0ms)


Started GET "/users/new" for ::1 at 2019-07-09 13:07:35 -0400
Processing by UsersController#new as HTML
  Rendering users/new.html.erb within layouts/application
  Rendered users/new.html.erb within layouts/application (11.9ms)
Completed 200 OK in 30ms (Views: 19.9ms | ActiveRecord: 0.5ms)


Started POST "/users" for ::1 at 2019-07-09 13:07:42 -0400
Processing by UsersController#create as HTML
  Parameters: {"utf8"=>"✓", "authenticity_token"=>"GXLKeVza0cXS6d3HofCqon/SnyOSLvLovEthTb9g99JlZUyc+pyVMBX+7E67pjPstv99eFxRXt4Mf5IOAppVNQ==", "user"=>{"name"=>"kyle", "email"=>"kyle@kyle.com", "password"=>"[FILTERED]", "password_confirmation"=>"[FILTERED]"}, "commit"=>"Create User"}
Unpermitted parameter: :password_confirmation
  [1m[35m (0.1ms)[0m  [1m[36mbegin transaction[0m
  ↳ app/controllers/users_controller.rb:10
  [1m[36mUser Exists (0.1ms)[0m  [1m[34mSELECT  1 AS one FROM "users" WHERE "users"."email" = ? LIMIT ?[0m  [["email", "kyle@kyle.com"], ["LIMIT", 1]]
  ↳ app/controllers/users_controller.rb:10
  [1m[36mUser Create (0.1ms)[0m  [1m[32mINSERT INTO "users" ("email", "name", "password_digest", "created_at", "updated_at") VALUES (?, ?, ?, ?, ?)[0m  [["email", "kyle@kyle.com"], ["name", "kyle"], ["password_digest", "$2a$12$OgdpRuorQuI/4CIAKicBBOT81mPfr7ftMGf9ZlBrF22jkUNroEpAK"], ["created_at", "2019-07-09 17:07:42.640320"], ["updated_at", "2019-07-09 17:07:42.640320"]]
  ↳ app/controllers/users_controller.rb:10
  [1m[35m (2.9ms)[0m  [1m[36mcommit transaction[0m
  ↳ app/controllers/users_controller.rb:10
Redirected to http://localhost:3000/users/1
Completed 302 Found in 191ms (ActiveRecord: 3.2ms)


Started GET "/users/1" for ::1 at 2019-07-09 13:07:42 -0400
Processing by UsersController#show as HTML
  Parameters: {"id"=>"1"}
  [1m[36mUser Load (0.1ms)[0m  [1m[34mSELECT  "users".* FROM "users" WHERE "users"."id" = ? LIMIT ?[0m  [["id", 1], ["LIMIT", 1]]
  ↳ app/controllers/application_controller.rb:7
  [1m[36mCACHE User Load (0.0ms)[0m  [1m[34mSELECT  "users".* FROM "users" WHERE "users"."id" = ? LIMIT ?[0m  [["id", 1], ["LIMIT", 1]]
  ↳ app/controllers/users_controller.rb:20
  [1m[36mPantry Exists (0.1ms)[0m  [1m[34mSELECT  1 AS one FROM "pantries" WHERE "pantries"."user_id" = ? LIMIT ?[0m  [["user_id", 1], ["LIMIT", 1]]
  ↳ app/controllers/users_controller.rb:21
Redirected to http://localhost:3000/users/1/pantries/new
Completed 302 Found in 13ms (ActiveRecord: 0.3ms)


Started GET "/users/1/pantries/new" for ::1 at 2019-07-09 13:07:42 -0400
Processing by PantriesController#new as HTML
  Parameters: {"user_id"=>"1"}
  [1m[36mUser Load (0.1ms)[0m  [1m[34mSELECT  "users".* FROM "users" WHERE "users"."id" = ? LIMIT ?[0m  [["id", 1], ["LIMIT", 1]]
  ↳ app/controllers/application_controller.rb:7
  Rendering pantries/new.html.erb within layouts/application
  Rendered pantries/new.html.erb within layouts/application (0.9ms)
  [1m[36mCACHE User Load (0.0ms)[0m  [1m[34mSELECT  "users".* FROM "users" WHERE "users"."id" = ? LIMIT ?[0m  [["id", 1], ["LIMIT", 1]]
  ↳ app/controllers/application_controller.rb:7
  [1m[36mCACHE User Load (0.0ms)[0m  [1m[34mSELECT  "users".* FROM "users" WHERE "users"."id" = ? LIMIT ?[0m  [["id", 1], ["LIMIT", 1]]
  ↳ app/controllers/application_controller.rb:7
  [1m[36mCACHE User Load (0.0ms)[0m  [1m[34mSELECT  "users".* FROM "users" WHERE "users"."id" = ? LIMIT ?[0m  [["id", 1], ["LIMIT", 1]]
  ↳ app/controllers/application_controller.rb:7
Completed 200 OK in 10ms (Views: 6.9ms | ActiveRecord: 0.2ms)


Started DELETE "/logout" for ::1 at 2019-07-09 13:07:44 -0400
Processing by SessionsController#destroy as HTML
  Parameters: {"authenticity_token"=>"WqZgq9sse7bDk/6BG5Cr0u/GxIjmymOrBRwqKx72PYh5pDyXPM9ihCY8+UPld0ztgOvofkbYPiB2HUQo7I/zXw=="}
  [1m[36mUser Load (0.1ms)[0m  [1m[34mSELECT  "users".* FROM "users" WHERE "users"."id" = ? LIMIT ?[0m  [["id", 1], ["LIMIT", 1]]
  ↳ app/controllers/application_controller.rb:7
Redirected to http://localhost:3000/
Completed 302 Found in 1ms (ActiveRecord: 0.1ms)


Started GET "/" for ::1 at 2019-07-09 13:07:44 -0400
Processing by StaticPagesController#home as HTML
  Rendering static_pages/home.html.erb within layouts/application
  Rendered static_pages/home.html.erb within layouts/application (0.2ms)
Completed 200 OK in 6ms (Views: 5.9ms | ActiveRecord: 0.0ms)


Started GET "/signin" for ::1 at 2019-07-09 13:07:45 -0400
Processing by SessionsController#new as HTML
  Rendering sessions/new.html.erb within layouts/application
  Rendered sessions/new.html.erb within layouts/application (1.0ms)
Completed 200 OK in 14ms (Views: 12.8ms | ActiveRecord: 0.0ms)


Started POST "/signin" for ::1 at 2019-07-09 13:07:49 -0400
Processing by SessionsController#create as HTML
  Parameters: {"utf8"=>"✓", "authenticity_token"=>"Yl1WPf0EbWUdh3iBbLjL6ZrZ3ooZ2njq+nG/MFvX/Hs1T+LBjlDJFkpNMtvMivTGWzQCffbJWyiSn2k/k5zPuw==", "email"=>"kyle@kyle.com", "password"=>"[FILTERED]", "commit"=>"Sign In"}
  [1m[36mUser Load (0.2ms)[0m  [1m[34mSELECT  "users".* FROM "users" WHERE "users"."email" = ? LIMIT ?[0m  [["email", "kyle@kyle.com"], ["LIMIT", 1]]
  ↳ app/controllers/sessions_controller.rb:20
Redirected to http://localhost:3000/users/1
Completed 302 Found in 188ms (ActiveRecord: 0.2ms)


Started GET "/users/1" for ::1 at 2019-07-09 13:07:49 -0400
Processing by UsersController#show as HTML
  Parameters: {"id"=>"1"}
  [1m[36mUser Load (0.1ms)[0m  [1m[34mSELECT  "users".* FROM "users" WHERE "users"."id" = ? LIMIT ?[0m  [["id", 1], ["LIMIT", 1]]
  ↳ app/controllers/application_controller.rb:7
  [1m[36mCACHE User Load (0.0ms)[0m  [1m[34mSELECT  "users".* FROM "users" WHERE "users"."id" = ? LIMIT ?[0m  [["id", 1], ["LIMIT", 1]]
  ↳ app/controllers/users_controller.rb:20
  [1m[36mPantry Exists (0.1ms)[0m  [1m[34mSELECT  1 AS one FROM "pantries" WHERE "pantries"."user_id" = ? LIMIT ?[0m  [["user_id", 1], ["LIMIT", 1]]
  ↳ app/controllers/users_controller.rb:21
Redirected to http://localhost:3000/users/1/pantries/new
Completed 302 Found in 1ms (ActiveRecord: 0.1ms)


Started GET "/users/1/pantries/new" for ::1 at 2019-07-09 13:07:49 -0400
Processing by PantriesController#new as HTML
  Parameters: {"user_id"=>"1"}
  [1m[36mUser Load (0.1ms)[0m  [1m[34mSELECT  "users".* FROM "users" WHERE "users"."id" = ? LIMIT ?[0m  [["id", 1], ["LIMIT", 1]]
  ↳ app/controllers/application_controller.rb:7
  Rendering pantries/new.html.erb within layouts/application
  Rendered pantries/new.html.erb within layouts/application (0.9ms)
  [1m[36mCACHE User Load (0.0ms)[0m  [1m[34mSELECT  "users".* FROM "users" WHERE "users"."id" = ? LIMIT ?[0m  [["id", 1], ["LIMIT", 1]]
  ↳ app/controllers/application_controller.rb:7
  [1m[36mCACHE User Load (0.0ms)[0m  [1m[34mSELECT  "users".* FROM "users" WHERE "users"."id" = ? LIMIT ?[0m  [["id", 1], ["LIMIT", 1]]
  ↳ app/controllers/application_controller.rb:7
  [1m[36mCACHE User Load (0.0ms)[0m  [1m[34mSELECT  "users".* FROM "users" WHERE "users"."id" = ? LIMIT ?[0m  [["id", 1], ["LIMIT", 1]]
  ↳ app/controllers/application_controller.rb:7
Completed 200 OK in 8ms (Views: 6.9ms | ActiveRecord: 0.1ms)


Started POST "/users/1/pantries" for ::1 at 2019-07-09 13:08:19 -0400
Processing by PantriesController#create as HTML
  Parameters: {"utf8"=>"✓", "authenticity_token"=>"LgXOUAZJlu1t76V3i7m2Y67iQCHaXiepgS+glT23IO0NB5Js4aqP34hAorV1XlFcwc9s13pMeiLyLs6Wz87uOg==", "pantry"=>{"location"=>"home"}, "commit"=>"Create Pantry", "user_id"=>"1"}
  [1m[36mUser Load (0.2ms)[0m  [1m[34mSELECT  "users".* FROM "users" WHERE "users"."id" = ? LIMIT ?[0m  [["id", 1], ["LIMIT", 1]]
  ↳ app/controllers/application_controller.rb:7
  [1m[36mCACHE User Load (0.0ms)[0m  [1m[34mSELECT  "users".* FROM "users" WHERE "users"."id" = ? LIMIT ?[0m  [["id", 1], ["LIMIT", 1]]
  ↳ app/controllers/application_controller.rb:7
  [1m[35m (0.1ms)[0m  [1m[36mbegin transaction[0m
  ↳ app/controllers/pantries_controller.rb:16
  [1m[36mCACHE User Load (0.0ms)[0m  [1m[34mSELECT  "users".* FROM "users" WHERE "users"."id" = ? LIMIT ?[0m  [["id", 1], ["LIMIT", 1]]
  ↳ app/controllers/pantries_controller.rb:16
  [1m[36mPantry Exists (0.2ms)[0m  [1m[34mSELECT  1 AS one FROM "pantries" WHERE "pantries"."location" = ? AND "pantries"."user_id" = ? LIMIT ?[0m  [["location", "home"], ["user_id", 1], ["LIMIT", 1]]
  ↳ app/controllers/pantries_controller.rb:16
  [1m[36mPantry Create (0.2ms)[0m  [1m[32mINSERT INTO "pantries" ("location", "user_id", "created_at", "updated_at") VALUES (?, ?, ?, ?)[0m  [["location", "home"], ["user_id", 1], ["created_at", "2019-07-09 17:08:19.532588"], ["updated_at", "2019-07-09 17:08:19.532588"]]
  ↳ app/controllers/pantries_controller.rb:16
  [1m[35m (3.4ms)[0m  [1m[36mcommit transaction[0m
  ↳ app/controllers/pantries_controller.rb:16
  [1m[36mUser Load (0.1ms)[0m  [1m[34mSELECT  "users".* FROM "users" WHERE "users"."id" = ? LIMIT ?[0m  [["id", 1], ["LIMIT", 1]]
  ↳ app/controllers/application_controller.rb:7
Redirected to http://localhost:3000/users/1/pantries/1
Completed 302 Found in 21ms (ActiveRecord: 4.1ms)


Started GET "/users/1/pantries/1" for ::1 at 2019-07-09 13:08:19 -0400
Processing by PantriesController#show as HTML
  Parameters: {"user_id"=>"1", "id"=>"1"}
  [1m[36mUser Load (0.1ms)[0m  [1m[34mSELECT  "users".* FROM "users" WHERE "users"."id" = ? LIMIT ?[0m  [["id", 1], ["LIMIT", 1]]
  ↳ app/controllers/application_controller.rb:7
  [1m[36mPantry Load (0.1ms)[0m  [1m[34mSELECT  "pantries".* FROM "pantries" WHERE "pantries"."id" = ? LIMIT ?[0m  [["id", 1], ["LIMIT", 1]]
  ↳ app/controllers/pantries_controller.rb:24
  Rendering pantries/show.html.erb within layouts/application
  [1m[36mAvailableIngredient Load (0.1ms)[0m  [1m[34mSELECT "available_ingredients".* FROM "available_ingredients" WHERE "available_ingredients"."pantry_id" = ?[0m  [["pantry_id", 1]]
  ↳ app/views/pantries/show.html.erb:8
  [1m[36mCACHE User Load (0.0ms)[0m  [1m[34mSELECT  "users".* FROM "users" WHERE "users"."id" = ? LIMIT ?[0m  [["id", 1], ["LIMIT", 1]]
  ↳ app/controllers/application_controller.rb:7
  [1m[36mRecipe Load (0.1ms)[0m  [1m[34mSELECT "recipes".* FROM "recipes"[0m
  ↳ app/views/pantries/show.html.erb:19
  Rendered pantries/show.html.erb within layouts/application (7.2ms)
  [1m[36mCACHE User Load (0.0ms)[0m  [1m[34mSELECT  "users".* FROM "users" WHERE "users"."id" = ? LIMIT ?[0m  [["id", 1], ["LIMIT", 1]]
  ↳ app/controllers/application_controller.rb:7
  [1m[36mCACHE User Load (0.0ms)[0m  [1m[34mSELECT  "users".* FROM "users" WHERE "users"."id" = ? LIMIT ?[0m  [["id", 1], ["LIMIT", 1]]
  ↳ app/controllers/application_controller.rb:7
  [1m[36mCACHE User Load (0.0ms)[0m  [1m[34mSELECT  "users".* FROM "users" WHERE "users"."id" = ? LIMIT ?[0m  [["id", 1], ["LIMIT", 1]]
  ↳ app/controllers/application_controller.rb:7
Completed 200 OK in 17ms (Views: 15.0ms | ActiveRecord: 0.9ms)


  [1m[35m (0.1ms)[0m  [1m[34mSELECT "schema_migrations"."version" FROM "schema_migrations" ORDER BY "schema_migrations"."version" ASC[0m
  ↳ /home/kyle/.rvm/rubies/ruby-2.6.1/lib/ruby/gems/2.6.0/gems/rake-12.3.2/lib/rake/task.rb:273
  [1m[35m (0.0ms)[0m  [1m[36mbegin transaction[0m
  ↳ db/seeds.rb:9
  [1m[36mIngredient Exists (0.1ms)[0m  [1m[34mSELECT  1 AS one FROM "ingredients" WHERE "ingredients"."name" = ? AND "ingredients"."wet" = ? LIMIT ?[0m  [["name", "Olive Oil"], ["wet", 1], ["LIMIT", 1]]
  ↳ db/seeds.rb:9
  [1m[36mIngredient Create (0.1ms)[0m  [1m[32mINSERT INTO "ingredients" ("name", "wet", "created_at", "updated_at") VALUES (?, ?, ?, ?)[0m  [["name", "Olive Oil"], ["wet", 1], ["created_at", "2019-07-09 17:18:25.475546"], ["updated_at", "2019-07-09 17:18:25.475546"]]
  ↳ db/seeds.rb:9
  [1m[35m (3.0ms)[0m  [1m[36mcommit transaction[0m
  ↳ db/seeds.rb:9
  [1m[35m (0.0ms)[0m  [1m[36mbegin transaction[0m
  ↳ db/seeds.rb:9
  [1m[36mIngredient Exists (0.1ms)[0m  [1m[34mSELECT  1 AS one FROM "ingredients" WHERE "ingredients"."name" = ? AND "ingredients"."wet" = ? LIMIT ?[0m  [["name", "Vegetable Oil"], ["wet", 1], ["LIMIT", 1]]
  ↳ db/seeds.rb:9
  [1m[36mIngredient Create (0.1ms)[0m  [1m[32mINSERT INTO "ingredients" ("name", "wet", "created_at", "updated_at") VALUES (?, ?, ?, ?)[0m  [["name", "Vegetable Oil"], ["wet", 1], ["created_at", "2019-07-09 17:18:25.480213"], ["updated_at", "2019-07-09 17:18:25.480213"]]
  ↳ db/seeds.rb:9
  [1m[35m (2.5ms)[0m  [1m[36mcommit transaction[0m
  ↳ db/seeds.rb:9
  [1m[35m (0.0ms)[0m  [1m[36mbegin transaction[0m
  ↳ db/seeds.rb:9
  [1m[36mIngredient Exists (0.1ms)[0m  [1m[34mSELECT  1 AS one FROM "ingredients" WHERE "ingredients"."name" = ? AND "ingredients"."wet" = ? LIMIT ?[0m  [["name", "Balsamic Vinegar"], ["wet", 1], ["LIMIT", 1]]
  ↳ db/seeds.rb:9
  [1m[36mIngredient Create (0.1ms)[0m  [1m[32mINSERT INTO "ingredients" ("name", "wet", "created_at", "updated_at") VALUES (?, ?, ?, ?)[0m  [["name", "Balsamic Vinegar"], ["wet", 1], ["created_at", "2019-07-09 17:18:25.484266"], ["updated_at", "2019-07-09 17:18:25.484266"]]
  ↳ db/seeds.rb:9
  [1m[35m (2.4ms)[0m  [1m[36mcommit transaction[0m
  ↳ db/seeds.rb:9
  [1m[35m (0.0ms)[0m  [1m[36mbegin transaction[0m
  ↳ db/seeds.rb:9
  [1m[36mIngredient Exists (0.1ms)[0m  [1m[34mSELECT  1 AS one FROM "ingredients" WHERE "ingredients"."name" = ? AND "ingredients"."wet" = ? LIMIT ?[0m  [["name", "Salt"], ["wet", 0], ["LIMIT", 1]]
  ↳ db/seeds.rb:9
  [1m[36mIngredient Create (0.1ms)[0m  [1m[32mINSERT INTO "ingredients" ("name", "wet", "created_at", "updated_at") VALUES (?, ?, ?, ?)[0m  [["name", "Salt"], ["wet", 0], ["created_at", "2019-07-09 17:18:25.487773"], ["updated_at", "2019-07-09 17:18:25.487773"]]
  ↳ db/seeds.rb:9
  [1m[35m (2.6ms)[0m  [1m[36mcommit transaction[0m
  ↳ db/seeds.rb:9
  [1m[35m (0.0ms)[0m  [1m[36mbegin transaction[0m
  ↳ db/seeds.rb:9
  [1m[36mIngredient Exists (0.1ms)[0m  [1m[34mSELECT  1 AS one FROM "ingredients" WHERE "ingredients"."name" = ? AND "ingredients"."wet" = ? LIMIT ?[0m  [["name", "Pepper"], ["wet", 0], ["LIMIT", 1]]
  ↳ db/seeds.rb:9
  [1m[36mIngredient Create (0.1ms)[0m  [1m[32mINSERT INTO "ingredients" ("name", "wet", "created_at", "updated_at") VALUES (?, ?, ?, ?)[0m  [["name", "Pepper"], ["wet", 0], ["created_at", "2019-07-09 17:18:25.491609"], ["updated_at", "2019-07-09 17:18:25.491609"]]
  ↳ db/seeds.rb:9
  [1m[35m (2.4ms)[0m  [1m[36mcommit transaction[0m
  ↳ db/seeds.rb:9
  [1m[35m (0.0ms)[0m  [1m[36mbegin transaction[0m
  ↳ db/seeds.rb:9
  [1m[36mIngredient Exists (0.1ms)[0m  [1m[34mSELECT  1 AS one FROM "ingredients" WHERE "ingredients"."name" = ? AND "ingredients"."wet" = ? LIMIT ?[0m  [["name", "Red Wine Vinegar"], ["wet", 1], ["LIMIT", 1]]
  ↳ db/seeds.rb:9
  [1m[36mIngredient Create (0.1ms)[0m  [1m[32mINSERT INTO "ingredients" ("name", "wet", "created_at", "updated_at") VALUES (?, ?, ?, ?)[0m  [["name", "Red Wine Vinegar"], ["wet", 1], ["created_at", "2019-07-09 17:18:25.495216"], ["updated_at", "2019-07-09 17:18:25.495216"]]
  ↳ db/seeds.rb:9
  [1m[35m (3.0ms)[0m  [1m[36mcommit transaction[0m
  ↳ db/seeds.rb:9
  [1m[35m (0.0ms)[0m  [1m[36mbegin transaction[0m
  ↳ db/seeds.rb:9
  [1m[36mIngredient Exists (0.1ms)[0m  [1m[34mSELECT  1 AS one FROM "ingredients" WHERE "ingredients"."name" = ? AND "ingredients"."wet" = ? LIMIT ?[0m  [["name", "Garlic"], ["wet", 0], ["LIMIT", 1]]
  ↳ db/seeds.rb:9
  [1m[36mIngredient Create (0.1ms)[0m  [1m[32mINSERT INTO "ingredients" ("name", "wet", "created_at", "updated_at") VALUES (?, ?, ?, ?)[0m  [["name", "Garlic"], ["wet", 0], ["created_at", "2019-07-09 17:18:25.499298"], ["updated_at", "2019-07-09 17:18:25.499298"]]
  ↳ db/seeds.rb:9
  [1m[35m (2.6ms)[0m  [1m[36mcommit transaction[0m
  ↳ db/seeds.rb:9
  [1m[35m (0.0ms)[0m  [1m[36mbegin transaction[0m
  ↳ db/seeds.rb:9
  [1m[36mIngredient Exists (0.1ms)[0m  [1m[34mSELECT  1 AS one FROM "ingredients" WHERE "ingredients"."name" = ? AND "ingredients"."wet" = ? LIMIT ?[0m  [["name", "Black Beans"], ["wet", 0], ["LIMIT", 1]]
  ↳ db/seeds.rb:9
  [1m[36mIngredient Create (0.1ms)[0m  [1m[32mINSERT INTO "ingredients" ("name", "wet", "created_at", "updated_at") VALUES (?, ?, ?, ?)[0m  [["name", "Black Beans"], ["wet", 0], ["created_at", "2019-07-09 17:18:25.503059"], ["updated_at", "2019-07-09 17:18:25.503059"]]
  ↳ db/seeds.rb:9
  [1m[35m (4.3ms)[0m  [1m[36mcommit transaction[0m
  ↳ db/seeds.rb:9
  [1m[35m (0.0ms)[0m  [1m[36mbegin transaction[0m
  ↳ db/seeds.rb:9
  [1m[36mIngredient Exists (0.1ms)[0m  [1m[34mSELECT  1 AS one FROM "ingredients" WHERE "ingredients"."name" = ? AND "ingredients"."wet" = ? LIMIT ?[0m  [["name", "Tomato Paste"], ["wet", 1], ["LIMIT", 1]]
  ↳ db/seeds.rb:9
  [1m[36mIngredient Create (0.1ms)[0m  [1m[32mINSERT INTO "ingredients" ("name", "wet", "created_at", "updated_at") VALUES (?, ?, ?, ?)[0m  [["name", "Tomato Paste"], ["wet", 1], ["created_at", "2019-07-09 17:18:25.508381"], ["updated_at", "2019-07-09 17:18:25.508381"]]
  ↳ db/seeds.rb:9
  [1m[35m (2.5ms)[0m  [1m[36mcommit transaction[0m
  ↳ db/seeds.rb:9
  [1m[35m (0.0ms)[0m  [1m[36mbegin transaction[0m
  ↳ db/seeds.rb:9
  [1m[36mIngredient Exists (0.1ms)[0m  [1m[34mSELECT  1 AS one FROM "ingredients" WHERE "ingredients"."name" = ? AND "ingredients"."wet" = ? LIMIT ?[0m  [["name", "Marinara Sauce"], ["wet", 1], ["LIMIT", 1]]
  ↳ db/seeds.rb:9
  [1m[36mIngredient Create (0.1ms)[0m  [1m[32mINSERT INTO "ingredients" ("name", "wet", "created_at", "updated_at") VALUES (?, ?, ?, ?)[0m  [["name", "Marinara Sauce"], ["wet", 1], ["created_at", "2019-07-09 17:18:25.512101"], ["updated_at", "2019-07-09 17:18:25.512101"]]
  ↳ db/seeds.rb:9
  [1m[35m (3.2ms)[0m  [1m[36mcommit transaction[0m
  ↳ db/seeds.rb:9
  [1m[35m (0.0ms)[0m  [1m[36mbegin transaction[0m
  ↳ db/seeds.rb:9
  [1m[36mIngredient Exists (0.1ms)[0m  [1m[34mSELECT  1 AS one FROM "ingredients" WHERE "ingredients"."name" = ? AND "ingredients"."wet" = ? LIMIT ?[0m  [["name", "Rice"], ["wet", 0], ["LIMIT", 1]]
  ↳ db/seeds.rb:9
  [1m[36mIngredient Create (0.1ms)[0m  [1m[32mINSERT INTO "ingredients" ("name", "wet", "created_at", "updated_at") VALUES (?, ?, ?, ?)[0m  [["name", "Rice"], ["wet", 0], ["created_at", "2019-07-09 17:18:25.516413"], ["updated_at", "2019-07-09 17:18:25.516413"]]
  ↳ db/seeds.rb:9
  [1m[35m (5.5ms)[0m  [1m[36mcommit transaction[0m
  ↳ db/seeds.rb:9
  [1m[35m (0.0ms)[0m  [1m[36mbegin transaction[0m
  ↳ db/seeds.rb:9
  [1m[36mIngredient Exists (0.1ms)[0m  [1m[34mSELECT  1 AS one FROM "ingredients" WHERE "ingredients"."name" = ? AND "ingredients"."wet" = ? LIMIT ?[0m  [["name", "All-Purpose Flour"], ["wet", 0], ["LIMIT", 1]]
  ↳ db/seeds.rb:9
  [1m[36mIngredient Create (0.1ms)[0m  [1m[32mINSERT INTO "ingredients" ("name", "wet", "created_at", "updated_at") VALUES (?, ?, ?, ?)[0m  [["name", "All-Purpose Flour"], ["wet", 0], ["created_at", "2019-07-09 17:18:25.523086"], ["updated_at", "2019-07-09 17:18:25.523086"]]
  ↳ db/seeds.rb:9
  [1m[35m (3.4ms)[0m  [1m[36mcommit transaction[0m
  ↳ db/seeds.rb:9
  [1m[35m (0.0ms)[0m  [1m[36mbegin transaction[0m
  ↳ db/seeds.rb:9
  [1m[36mIngredient Exists (0.1ms)[0m  [1m[34mSELECT  1 AS one FROM "ingredients" WHERE "ingredients"."name" = ? AND "ingredients"."wet" = ? LIMIT ?[0m  [["name", "Sugar"], ["wet", 0], ["LIMIT", 1]]
  ↳ db/seeds.rb:9
  [1m[36mIngredient Create (0.1ms)[0m  [1m[32mINSERT INTO "ingredients" ("name", "wet", "created_at", "updated_at") VALUES (?, ?, ?, ?)[0m  [["name", "Sugar"], ["wet", 0], ["created_at", "2019-07-09 17:18:25.527506"], ["updated_at", "2019-07-09 17:18:25.527506"]]
  ↳ db/seeds.rb:9
  [1m[35m (2.5ms)[0m  [1m[36mcommit transaction[0m
  ↳ db/seeds.rb:9
  [1m[35m (0.0ms)[0m  [1m[36mbegin transaction[0m
  ↳ db/seeds.rb:9
  [1m[36mIngredient Exists (0.1ms)[0m  [1m[34mSELECT  1 AS one FROM "ingredients" WHERE "ingredients"."name" = ? AND "ingredients"."wet" = ? LIMIT ?[0m  [["name", "Spaghetti"], ["wet", 0], ["LIMIT", 1]]
  ↳ db/seeds.rb:9
  [1m[36mIngredient Create (0.1ms)[0m  [1m[32mINSERT INTO "ingredients" ("name", "wet", "created_at", "updated_at") VALUES (?, ?, ?, ?)[0m  [["name", "Spaghetti"], ["wet", 0], ["created_at", "2019-07-09 17:18:25.532380"], ["updated_at", "2019-07-09 17:18:25.532380"]]
  ↳ db/seeds.rb:9
  [1m[35m (2.6ms)[0m  [1m[36mcommit transaction[0m
  ↳ db/seeds.rb:9
  [1m[35m (0.0ms)[0m  [1m[36mbegin transaction[0m
  ↳ db/seeds.rb:9
  [1m[36mIngredient Exists (0.1ms)[0m  [1m[34mSELECT  1 AS one FROM "ingredients" WHERE "ingredients"."name" = ? AND "ingredients"."wet" = ? LIMIT ?[0m  [["name", "Linguine"], ["wet", 0], ["LIMIT", 1]]
  ↳ db/seeds.rb:9
  [1m[36mIngredient Create (0.1ms)[0m  [1m[32mINSERT INTO "ingredients" ("name", "wet", "created_at", "updated_at") VALUES (?, ?, ?, ?)[0m  [["name", "Linguine"], ["wet", 0], ["created_at", "2019-07-09 17:18:25.538365"], ["updated_at", "2019-07-09 17:18:25.538365"]]
  ↳ db/seeds.rb:9
  [1m[35m (2.7ms)[0m  [1m[36mcommit transaction[0m
  ↳ db/seeds.rb:9
  [1m[35m (0.0ms)[0m  [1m[36mbegin transaction[0m
  ↳ db/seeds.rb:9
  [1m[36mIngredient Exists (0.1ms)[0m  [1m[34mSELECT  1 AS one FROM "ingredients" WHERE "ingredients"."name" = ? AND "ingredients"."wet" = ? LIMIT ?[0m  [["name", "Rotini"], ["wet", 0], ["LIMIT", 1]]
  ↳ db/seeds.rb:9
  [1m[36mIngredient Create (0.1ms)[0m  [1m[32mINSERT INTO "ingredients" ("name", "wet", "created_at", "updated_at") VALUES (?, ?, ?, ?)[0m  [["name", "Rotini"], ["wet", 0], ["created_at", "2019-07-09 17:18:25.542924"], ["updated_at", "2019-07-09 17:18:25.542924"]]
  ↳ db/seeds.rb:9
  [1m[35m (2.5ms)[0m  [1m[36mcommit transaction[0m
  ↳ db/seeds.rb:9
  [1m[35m (0.0ms)[0m  [1m[36mbegin transaction[0m
  ↳ db/seeds.rb:9
  [1m[36mIngredient Exists (0.1ms)[0m  [1m[34mSELECT  1 AS one FROM "ingredients" WHERE "ingredients"."name" = ? AND "ingredients"."wet" = ? LIMIT ?[0m  [["name", "Potatoes"], ["wet", 0], ["LIMIT", 1]]
  ↳ db/seeds.rb:9
  [1m[36mIngredient Create (0.1ms)[0m  [1m[32mINSERT INTO "ingredients" ("name", "wet", "created_at", "updated_at") VALUES (?, ?, ?, ?)[0m  [["name", "Potatoes"], ["wet", 0], ["created_at", "2019-07-09 17:18:25.546890"], ["updated_at", "2019-07-09 17:18:25.546890"]]
  ↳ db/seeds.rb:9
  [1m[35m (2.7ms)[0m  [1m[36mcommit transaction[0m
  ↳ db/seeds.rb:9
  [1m[35m (0.0ms)[0m  [1m[36mbegin transaction[0m
  ↳ db/seeds.rb:9
  [1m[36mIngredient Exists (0.1ms)[0m  [1m[34mSELECT  1 AS one FROM "ingredients" WHERE "ingredients"."name" = ? AND "ingredients"."wet" = ? LIMIT ?[0m  [["name", "Onion"], ["wet", 0], ["LIMIT", 1]]
  ↳ db/seeds.rb:9
  [1m[36mIngredient Create (0.1ms)[0m  [1m[32mINSERT INTO "ingredients" ("name", "wet", "created_at", "updated_at") VALUES (?, ?, ?, ?)[0m  [["name", "Onion"], ["wet", 0], ["created_at", "2019-07-09 17:18:25.551076"], ["updated_at", "2019-07-09 17:18:25.551076"]]
  ↳ db/seeds.rb:9
  [1m[35m (5.7ms)[0m  [1m[36mcommit transaction[0m
  ↳ db/seeds.rb:9
  [1m[35m (0.0ms)[0m  [1m[36mbegin transaction[0m
  ↳ db/seeds.rb:9
  [1m[36mIngredient Exists (0.1ms)[0m  [1m[34mSELECT  1 AS one FROM "ingredients" WHERE "ingredients"."name" = ? AND "ingredients"."wet" = ? LIMIT ?[0m  [["name", "Eggs"], ["wet", 0], ["LIMIT", 1]]
  ↳ db/seeds.rb:9
  [1m[36mIngredient Create (0.1ms)[0m  [1m[32mINSERT INTO "ingredients" ("name", "wet", "created_at", "updated_at") VALUES (?, ?, ?, ?)[0m  [["name", "Eggs"], ["wet", 0], ["created_at", "2019-07-09 17:18:25.558315"], ["updated_at", "2019-07-09 17:18:25.558315"]]
  ↳ db/seeds.rb:9
  [1m[35m (2.6ms)[0m  [1m[36mcommit transaction[0m
  ↳ db/seeds.rb:9
  [1m[35m (0.0ms)[0m  [1m[36mbegin transaction[0m
  ↳ db/seeds.rb:9
  [1m[36mIngredient Exists (0.1ms)[0m  [1m[34mSELECT  1 AS one FROM "ingredients" WHERE "ingredients"."name" = ? AND "ingredients"."wet" = ? LIMIT ?[0m  [["name", "Milk"], ["wet", 1], ["LIMIT", 1]]
  ↳ db/seeds.rb:9
  [1m[36mIngredient Create (0.1ms)[0m  [1m[32mINSERT INTO "ingredients" ("name", "wet", "created_at", "updated_at") VALUES (?, ?, ?, ?)[0m  [["name", "Milk"], ["wet", 1], ["created_at", "2019-07-09 17:18:25.562695"], ["updated_at", "2019-07-09 17:18:25.562695"]]
  ↳ db/seeds.rb:9
  [1m[35m (2.7ms)[0m  [1m[36mcommit transaction[0m
  ↳ db/seeds.rb:9
  [1m[35m (0.0ms)[0m  [1m[36mbegin transaction[0m
  ↳ db/seeds.rb:9
  [1m[36mIngredient Exists (0.1ms)[0m  [1m[34mSELECT  1 AS one FROM "ingredients" WHERE "ingredients"."name" = ? AND "ingredients"."wet" = ? LIMIT ?[0m  [["name", "Yogurt"], ["wet", 1], ["LIMIT", 1]]
  ↳ db/seeds.rb:9
  [1m[36mIngredient Create (0.1ms)[0m  [1m[32mINSERT INTO "ingredients" ("name", "wet", "created_at", "updated_at") VALUES (?, ?, ?, ?)[0m  [["name", "Yogurt"], ["wet", 1], ["created_at", "2019-07-09 17:18:25.567239"], ["updated_at", "2019-07-09 17:18:25.567239"]]
  ↳ db/seeds.rb:9
  [1m[35m (2.6ms)[0m  [1m[36mcommit transaction[0m
  ↳ db/seeds.rb:9
  [1m[35m (0.0ms)[0m  [1m[36mbegin transaction[0m
  ↳ db/seeds.rb:9
  [1m[36mIngredient Exists (0.1ms)[0m  [1m[34mSELECT  1 AS one FROM "ingredients" WHERE "ingredients"."name" = ? AND "ingredients"."wet" = ? LIMIT ?[0m  [["name", "Mustard"], ["wet", 1], ["LIMIT", 1]]
  ↳ db/seeds.rb:9
  [1m[36mIngredient Create (0.1ms)[0m  [1m[32mINSERT INTO "ingredients" ("name", "wet", "created_at", "updated_at") VALUES (?, ?, ?, ?)[0m  [["name", "Mustard"], ["wet", 1], ["created_at", "2019-07-09 17:18:25.572058"], ["updated_at", "2019-07-09 17:18:25.572058"]]
  ↳ db/seeds.rb:9
  [1m[35m (2.8ms)[0m  [1m[36mcommit transaction[0m
  ↳ db/seeds.rb:9
  [1m[35m (0.0ms)[0m  [1m[36mbegin transaction[0m
  ↳ db/seeds.rb:9
  [1m[36mIngredient Exists (0.1ms)[0m  [1m[34mSELECT  1 AS one FROM "ingredients" WHERE "ingredients"."name" = ? AND "ingredients"."wet" = ? LIMIT ?[0m  [["name", "Mayonaise"], ["wet", 1], ["LIMIT", 1]]
  ↳ db/seeds.rb:9
  [1m[36mIngredient Create (0.2ms)[0m  [1m[32mINSERT INTO "ingredients" ("name", "wet", "created_at", "updated_at") VALUES (?, ?, ?, ?)[0m  [["name", "Mayonaise"], ["wet", 1], ["created_at", "2019-07-09 17:18:25.577382"], ["updated_at", "2019-07-09 17:18:25.577382"]]
  ↳ db/seeds.rb:9
  [1m[35m (3.0ms)[0m  [1m[36mcommit transaction[0m
  ↳ db/seeds.rb:9
  [1m[35m (0.0ms)[0m  [1m[36mbegin transaction[0m
  ↳ db/seeds.rb:9
  [1m[36mIngredient Exists (0.1ms)[0m  [1m[34mSELECT  1 AS one FROM "ingredients" WHERE "ingredients"."name" = ? AND "ingredients"."wet" = ? LIMIT ?[0m  [["name", "Ketchup"], ["wet", 1], ["LIMIT", 1]]
  ↳ db/seeds.rb:9
  [1m[36mIngredient Create (0.2ms)[0m  [1m[32mINSERT INTO "ingredients" ("name", "wet", "created_at", "updated_at") VALUES (?, ?, ?, ?)[0m  [["name", "Ketchup"], ["wet", 1], ["created_at", "2019-07-09 17:18:25.583181"], ["updated_at", "2019-07-09 17:18:25.583181"]]
  ↳ db/seeds.rb:9
  [1m[35m (3.1ms)[0m  [1m[36mcommit transaction[0m
  ↳ db/seeds.rb:9
  [1m[35m (0.0ms)[0m  [1m[36mbegin transaction[0m
  ↳ db/seeds.rb:9
  [1m[36mIngredient Exists (0.1ms)[0m  [1m[34mSELECT  1 AS one FROM "ingredients" WHERE "ingredients"."name" = ? AND "ingredients"."wet" = ? LIMIT ?[0m  [["name", "Milk"], ["wet", 1], ["LIMIT", 1]]
  ↳ db/seeds.rb:9
  [1m[35m (0.1ms)[0m  [1m[31mrollback transaction[0m
  ↳ db/seeds.rb:9
  [1m[35m (0.0ms)[0m  [1m[36mbegin transaction[0m
  ↳ db/seeds.rb:9
  [1m[36mIngredient Exists (0.1ms)[0m  [1m[34mSELECT  1 AS one FROM "ingredients" WHERE "ingredients"."name" = ? AND "ingredients"."wet" = ? LIMIT ?[0m  [["name", "Chicken"], ["wet", 0], ["LIMIT", 1]]
  ↳ db/seeds.rb:9
  [1m[36mIngredient Create (0.2ms)[0m  [1m[32mINSERT INTO "ingredients" ("name", "wet", "created_at", "updated_at") VALUES (?, ?, ?, ?)[0m  [["name", "Chicken"], ["wet", 0], ["created_at", "2019-07-09 17:18:25.592116"], ["updated_at", "2019-07-09 17:18:25.592116"]]
  ↳ db/seeds.rb:9
  [1m[35m (3.2ms)[0m  [1m[36mcommit transaction[0m
  ↳ db/seeds.rb:9
  [1m[35m (0.0ms)[0m  [1m[36mbegin transaction[0m
  ↳ db/seeds.rb:9
  [1m[36mIngredient Exists (0.1ms)[0m  [1m[34mSELECT  1 AS one FROM "ingredients" WHERE "ingredients"."name" = ? AND "ingredients"."wet" = ? LIMIT ?[0m  [["name", "Ground Beef"], ["wet", 0], ["LIMIT", 1]]
  ↳ db/seeds.rb:9
  [1m[36mIngredient Create (0.2ms)[0m  [1m[32mINSERT INTO "ingredients" ("name", "wet", "created_at", "updated_at") VALUES (?, ?, ?, ?)[0m  [["name", "Ground Beef"], ["wet", 0], ["created_at", "2019-07-09 17:18:25.598589"], ["updated_at", "2019-07-09 17:18:25.598589"]]
  ↳ db/seeds.rb:9
  [1m[35m (3.1ms)[0m  [1m[36mcommit transaction[0m
  ↳ db/seeds.rb:9
  [1m[35m (0.0ms)[0m  [1m[36mbegin transaction[0m
  ↳ db/seeds.rb:9
  [1m[36mIngredient Exists (0.1ms)[0m  [1m[34mSELECT  1 AS one FROM "ingredients" WHERE "ingredients"."name" = ? AND "ingredients"."wet" = ? LIMIT ?[0m  [["name", "Lemon"], ["wet", 0], ["LIMIT", 1]]
  ↳ db/seeds.rb:9
  [1m[36mIngredient Create (0.2ms)[0m  [1m[32mINSERT INTO "ingredients" ("name", "wet", "created_at", "updated_at") VALUES (?, ?, ?, ?)[0m  [["name", "Lemon"], ["wet", 0], ["created_at", "2019-07-09 17:18:25.604773"], ["updated_at", "2019-07-09 17:18:25.604773"]]
  ↳ db/seeds.rb:9
  [1m[35m (2.8ms)[0m  [1m[36mcommit transaction[0m
  ↳ db/seeds.rb:9
  [1m[35m (0.0ms)[0m  [1m[36mbegin transaction[0m
  ↳ db/seeds.rb:9
  [1m[36mIngredient Exists (0.1ms)[0m  [1m[34mSELECT  1 AS one FROM "ingredients" WHERE "ingredients"."name" = ? AND "ingredients"."wet" = ? LIMIT ?[0m  [["name", "Apple"], ["wet", 0], ["LIMIT", 1]]
  ↳ db/seeds.rb:9
  [1m[36mIngredient Create (0.2ms)[0m  [1m[32mINSERT INTO "ingredients" ("name", "wet", "created_at", "updated_at") VALUES (?, ?, ?, ?)[0m  [["name", "Apple"], ["wet", 0], ["created_at", "2019-07-09 17:18:25.610510"], ["updated_at", "2019-07-09 17:18:25.610510"]]
  ↳ db/seeds.rb:9
  [1m[35m (3.3ms)[0m  [1m[36mcommit transaction[0m
  ↳ db/seeds.rb:9
  [1m[35m (0.1ms)[0m  [1m[36mbegin transaction[0m
  ↳ db/seeds.rb:9
  [1m[36mIngredient Exists (0.1ms)[0m  [1m[34mSELECT  1 AS one FROM "ingredients" WHERE "ingredients"."name" = ? AND "ingredients"."wet" = ? LIMIT ?[0m  [["name", "Banana"], ["wet", 0], ["LIMIT", 1]]
  ↳ db/seeds.rb:9
  [1m[36mIngredient Create (0.2ms)[0m  [1m[32mINSERT INTO "ingredients" ("name", "wet", "created_at", "updated_at") VALUES (?, ?, ?, ?)[0m  [["name", "Banana"], ["wet", 0], ["created_at", "2019-07-09 17:18:25.617091"], ["updated_at", "2019-07-09 17:18:25.617091"]]
  ↳ db/seeds.rb:9
  [1m[35m (3.4ms)[0m  [1m[36mcommit transaction[0m
  ↳ db/seeds.rb:9
  [1m[35m (0.1ms)[0m  [1m[36mbegin transaction[0m
  ↳ db/seeds.rb:9
  [1m[36mIngredient Exists (0.2ms)[0m  [1m[34mSELECT  1 AS one FROM "ingredients" WHERE "ingredients"."name" = ? AND "ingredients"."wet" = ? LIMIT ?[0m  [["name", "Pickles"], ["wet", 0], ["LIMIT", 1]]
  ↳ db/seeds.rb:9
  [1m[36mIngredient Create (0.3ms)[0m  [1m[32mINSERT INTO "ingredients" ("name", "wet", "created_at", "updated_at") VALUES (?, ?, ?, ?)[0m  [["name", "Pickles"], ["wet", 0], ["created_at", "2019-07-09 17:18:25.624514"], ["updated_at", "2019-07-09 17:18:25.624514"]]
  ↳ db/seeds.rb:9
  [1m[35m (3.2ms)[0m  [1m[36mcommit transaction[0m
  ↳ db/seeds.rb:9
  [1m[35m (0.1ms)[0m  [1m[36mbegin transaction[0m
  ↳ db/seeds.rb:9
  [1m[36mIngredient Exists (0.2ms)[0m  [1m[34mSELECT  1 AS one FROM "ingredients" WHERE "ingredients"."name" = ? AND "ingredients"."wet" = ? LIMIT ?[0m  [["name", "Lettuce"], ["wet", 0], ["LIMIT", 1]]
  ↳ db/seeds.rb:9
  [1m[36mIngredient Create (0.3ms)[0m  [1m[32mINSERT INTO "ingredients" ("name", "wet", "created_at", "updated_at") VALUES (?, ?, ?, ?)[0m  [["name", "Lettuce"], ["wet", 0], ["created_at", "2019-07-09 17:18:25.634828"], ["updated_at", "2019-07-09 17:18:25.634828"]]
  ↳ db/seeds.rb:9
  [1m[35m (2.9ms)[0m  [1m[36mcommit transaction[0m
  ↳ db/seeds.rb:9
  [1m[35m (0.1ms)[0m  [1m[36mbegin transaction[0m
  ↳ db/seeds.rb:9
  [1m[36mIngredient Exists (0.2ms)[0m  [1m[34mSELECT  1 AS one FROM "ingredients" WHERE "ingredients"."name" = ? AND "ingredients"."wet" = ? LIMIT ?[0m  [["name", "Honey Mustard"], ["wet", 1], ["LIMIT", 1]]
  ↳ db/seeds.rb:9
  [1m[36mIngredient Create (0.3ms)[0m  [1m[32mINSERT INTO "ingredients" ("name", "wet", "created_at", "updated_at") VALUES (?, ?, ?, ?)[0m  [["name", "Honey Mustard"], ["wet", 1], ["created_at", "2019-07-09 17:18:25.643258"], ["updated_at", "2019-07-09 17:18:25.643258"]]
  ↳ db/seeds.rb:9
  [1m[35m (4.5ms)[0m  [1m[36mcommit transaction[0m
  ↳ db/seeds.rb:9
  [1m[35m (0.1ms)[0m  [1m[36mbegin transaction[0m
  ↳ db/seeds.rb:9
  [1m[36mIngredient Exists (0.3ms)[0m  [1m[34mSELECT  1 AS one FROM "ingredients" WHERE "ingredients"."name" = ? AND "ingredients"."wet" = ? LIMIT ?[0m  [["name", "Jalapeno"], ["wet", 0], ["LIMIT", 1]]
  ↳ db/seeds.rb:9
  [1m[36mIngredient Create (0.4ms)[0m  [1m[32mINSERT INTO "ingredients" ("name", "wet", "created_at", "updated_at") VALUES (?, ?, ?, ?)[0m  [["name", "Jalapeno"], ["wet", 0], ["created_at", "2019-07-09 17:18:25.653562"], ["updated_at", "2019-07-09 17:18:25.653562"]]
  ↳ db/seeds.rb:9
  [1m[35m (3.5ms)[0m  [1m[36mcommit transaction[0m
  ↳ db/seeds.rb:9
  [1m[35m (0.1ms)[0m  [1m[36mbegin transaction[0m
  ↳ db/seeds.rb:9
  [1m[36mIngredient Exists (0.3ms)[0m  [1m[34mSELECT  1 AS one FROM "ingredients" WHERE "ingredients"."name" = ? AND "ingredients"."wet" = ? LIMIT ?[0m  [["name", "Bread"], ["wet", 0], ["LIMIT", 1]]
  ↳ db/seeds.rb:9
  [1m[36mIngredient Create (1.5ms)[0m  [1m[32mINSERT INTO "ingredients" ("name", "wet", "created_at", "updated_at") VALUES (?, ?, ?, ?)[0m  [["name", "Bread"], ["wet", 0], ["created_at", "2019-07-09 17:18:25.679857"], ["updated_at", "2019-07-09 17:18:25.679857"]]
  ↳ db/seeds.rb:9
  [1m[35m (2.9ms)[0m  [1m[36mcommit transaction[0m
  ↳ db/seeds.rb:9
  [1m[35m (0.0ms)[0m  [1m[36mbegin transaction[0m
  ↳ db/seeds.rb:9
  [1m[36mIngredient Exists (0.1ms)[0m  [1m[34mSELECT  1 AS one FROM "ingredients" WHERE "ingredients"."name" = ? AND "ingredients"."wet" = ? LIMIT ?[0m  [["name", "Almond"], ["wet", 0], ["LIMIT", 1]]
  ↳ db/seeds.rb:9
  [1m[36mIngredient Create (0.2ms)[0m  [1m[32mINSERT INTO "ingredients" ("name", "wet", "created_at", "updated_at") VALUES (?, ?, ?, ?)[0m  [["name", "Almond"], ["wet", 0], ["created_at", "2019-07-09 17:18:25.688139"], ["updated_at", "2019-07-09 17:18:25.688139"]]
  ↳ db/seeds.rb:9
  [1m[35m (3.1ms)[0m  [1m[36mcommit transaction[0m
  ↳ db/seeds.rb:9
Started GET "/users/1/pantries/1" for ::1 at 2019-07-09 13:18:36 -0400
  [1m[35m (0.1ms)[0m  [1m[34mSELECT "schema_migrations"."version" FROM "schema_migrations" ORDER BY "schema_migrations"."version" ASC[0m
  ↳ /home/kyle/.rvm/gems/ruby-2.6.1/gems/activerecord-5.2.3/lib/active_record/log_subscriber.rb:98
Processing by PantriesController#show as HTML
  Parameters: {"user_id"=>"1", "id"=>"1"}
  [1m[36mUser Load (0.2ms)[0m  [1m[34mSELECT  "users".* FROM "users" WHERE "users"."id" = ? LIMIT ?[0m  [["id", 1], ["LIMIT", 1]]
  ↳ app/controllers/application_controller.rb:7
  [1m[36mPantry Load (0.1ms)[0m  [1m[34mSELECT  "pantries".* FROM "pantries" WHERE "pantries"."id" = ? LIMIT ?[0m  [["id", 1], ["LIMIT", 1]]
  ↳ app/controllers/pantries_controller.rb:24
  Rendering pantries/show.html.erb within layouts/application
  [1m[36mAvailableIngredient Load (0.1ms)[0m  [1m[34mSELECT "available_ingredients".* FROM "available_ingredients" WHERE "available_ingredients"."pantry_id" = ?[0m  [["pantry_id", 1]]
  ↳ app/views/pantries/show.html.erb:8
  [1m[36mCACHE User Load (0.0ms)[0m  [1m[34mSELECT  "users".* FROM "users" WHERE "users"."id" = ? LIMIT ?[0m  [["id", 1], ["LIMIT", 1]]
  ↳ app/controllers/application_controller.rb:7
  [1m[36mRecipe Load (0.1ms)[0m  [1m[34mSELECT "recipes".* FROM "recipes"[0m
  ↳ app/views/pantries/show.html.erb:19
  Rendered pantries/show.html.erb within layouts/application (14.9ms)
  [1m[36mCACHE User Load (0.0ms)[0m  [1m[34mSELECT  "users".* FROM "users" WHERE "users"."id" = ? LIMIT ?[0m  [["id", 1], ["LIMIT", 1]]
  ↳ app/controllers/application_controller.rb:7
  [1m[36mCACHE User Load (0.0ms)[0m  [1m[34mSELECT  "users".* FROM "users" WHERE "users"."id" = ? LIMIT ?[0m  [["id", 1], ["LIMIT", 1]]
  ↳ app/controllers/application_controller.rb:7
  [1m[36mCACHE User Load (0.0ms)[0m  [1m[34mSELECT  "users".* FROM "users" WHERE "users"."id" = ? LIMIT ?[0m  [["id", 1], ["LIMIT", 1]]
  ↳ app/controllers/application_controller.rb:7
Completed 200 OK in 153ms (Views: 137.2ms | ActiveRecord: 1.4ms)


Started GET "/users/1/pantries/1/edit" for ::1 at 2019-07-09 13:18:39 -0400
Processing by PantriesController#edit as HTML
  Parameters: {"user_id"=>"1", "id"=>"1"}
  [1m[36mUser Load (0.1ms)[0m  [1m[34mSELECT  "users".* FROM "users" WHERE "users"."id" = ? LIMIT ?[0m  [["id", 1], ["LIMIT", 1]]
  ↳ app/controllers/application_controller.rb:7
  [1m[36mPantry Load (0.1ms)[0m  [1m[34mSELECT  "pantries".* FROM "pantries" WHERE "pantries"."id" = ? LIMIT ?[0m  [["id", 1], ["LIMIT", 1]]
  ↳ app/controllers/pantries_controller.rb:8
  Rendering pantries/edit.html.erb within layouts/application
  [1m[36mIngredient Load (0.2ms)[0m  [1m[34mSELECT "ingredients".* FROM "ingredients" ORDER BY "ingredients"."name" ASC[0m
  ↳ app/views/pantries/edit.html.erb:10
  Rendered pantries/edit.html.erb within layouts/application (8.1ms)
  [1m[36mCACHE User Load (0.0ms)[0m  [1m[34mSELECT  "users".* FROM "users" WHERE "users"."id" = ? LIMIT ?[0m  [["id", 1], ["LIMIT", 1]]
  ↳ app/controllers/application_controller.rb:7
  [1m[36mCACHE User Load (0.0ms)[0m  [1m[34mSELECT  "users".* FROM "users" WHERE "users"."id" = ? LIMIT ?[0m  [["id", 1], ["LIMIT", 1]]
  ↳ app/controllers/application_controller.rb:7
  [1m[36mCACHE User Load (0.0ms)[0m  [1m[34mSELECT  "users".* FROM "users" WHERE "users"."id" = ? LIMIT ?[0m  [["id", 1], ["LIMIT", 1]]
  ↳ app/controllers/application_controller.rb:7
Completed 200 OK in 26ms (Views: 14.8ms | ActiveRecord: 1.1ms)


